[ 2016-07-03T23:05:09+08:00 ] 192.168.0.102 /res/index.php/Index/img/a7.jpg
INFO: [ app_init ] --START--
INFO: Run Behavior\BuildLiteBehavior [ RunTime:0.000000s ]
INFO: [ app_init ] --END-- [ RunTime:0.000000s ]

[ 2016-07-03T23:05:09+08:00 ] 192.168.0.102 /res/index.php/Index/img/a4.jpg
INFO: [ app_init ] --START--
INFO: Run Behavior\BuildLiteBehavior [ RunTime:0.000000s ]
INFO: [ app_init ] --END-- [ RunTime:0.001000s ]

[ 2016-07-03T23:05:09+08:00 ] 192.168.0.102 /res/index.php/Index/img/a1.jpg
INFO: [ app_init ] --START--
INFO: Run Behavior\BuildLiteBehavior [ RunTime:0.000000s ]
INFO: [ app_init ] --END-- [ RunTime:0.001000s ]

[ 2016-07-03T23:05:09+08:00 ] 192.168.0.102 /res/index.php/Index/content.html
INFO: [ app_init ] --START--
INFO: Run Behavior\BuildLiteBehavior [ RunTime:0.000000s ]
INFO: [ app_init ] --END-- [ RunTime:0.000000s ]
INFO: [ app_begin ] --START--
INFO: Run Behavior\ReadHtmlCacheBehavior [ RunTime:0.000000s ]
INFO: [ app_begin ] --END-- [ RunTime:0.001000s ]
SQL: SHOW COLUMNS FROM `tp_package` [ RunTime:0.0030s ]
SQL: SELECT * FROM `tp_package` WHERE `status` = 1 ORDER BY weight desc  [ RunTime:0.0020s ]
SQL: SHOW COLUMNS FROM `tp_admin` [ RunTime:0.0030s ]
SQL: SELECT * FROM `tp_admin` WHERE `id` = 2 LIMIT 1   [ RunTime:0.0010s ]
SQL: SHOW COLUMNS FROM `tp_behavior` [ RunTime:0.0030s ]
SQL: INSERT INTO `tp_behavior` (`user_id`,`behavior`,`time`,`url`,`status`,`exclude`,`ip`) VALUES ('2','平台首页','1467558309','Index/content','1','2','192.168.0.102') [ RunTime:0.0090s ]
SQL: SELECT * FROM `tp_admin` WHERE `id` = 2 LIMIT 1   [ RunTime:0.0000s ]
SQL: SHOW COLUMNS FROM `tp_neiqin_group` [ RunTime:0.0030s ]
SQL: SELECT * FROM `tp_neiqin_group` WHERE `id` = 0 LIMIT 1   [ RunTime:0.0000s ]
INFO: [ view_parse ] --START--
INFO: [ template_filter ] --START--
INFO: Run Behavior\ContentReplaceBehavior [ RunTime:0.000000s ]
INFO: [ template_filter ] --END-- [ RunTime:0.000000s ]
SQL: SELECT * FROM `tp_neiqin_group` WHERE `id` = 0 LIMIT 1   [ RunTime:0.0000s ]
INFO: Run Behavior\ParseTemplateBehavior [ RunTime:0.011001s ]
INFO: [ view_parse ] --END-- [ RunTime:0.011001s ]
INFO: [ view_filter ] --START--
INFO: Run Behavior\WriteHtmlCacheBehavior [ RunTime:0.000000s ]
INFO: [ view_filter ] --END-- [ RunTime:0.000000s ]
INFO: [ app_end ] --START--
INFO: Run Behavior\ShowPageTraceBehavior [ RunTime:0.001000s ]
INFO: [ app_end ] --END-- [ RunTime:0.001000s ]

[ 2016-07-03T23:05:09+08:00 ] 192.168.0.102 /res/index.php/Index/img/a2.jpg
INFO: [ app_init ] --START--
INFO: Run Behavior\BuildLiteBehavior [ RunTime:0.000000s ]
INFO: [ app_init ] --END-- [ RunTime:0.001000s ]

[ 2016-07-03T23:05:09+08:00 ] 192.168.0.102 /res/index.php/Index/img/a3.jpg
INFO: [ app_init ] --START--
INFO: Run Behavior\BuildLiteBehavior [ RunTime:0.000000s ]
INFO: [ app_init ] --END-- [ RunTime:0.001000s ]

[ 2016-07-03T23:05:09+08:00 ] 192.168.0.102 /res/index.php/Index/img/a8.jpg
INFO: [ app_init ] --START--
INFO: Run Behavior\BuildLiteBehavior [ RunTime:0.000000s ]
INFO: [ app_init ] --END-- [ RunTime:0.000000s ]

